Microsoft (R) Help Compiler
HCRTF 4.03.0002
Copyright (c) Microsoft Corp 1990 - 1995. All rights reserved.
t3ed.hpj
    HC3037: Warning: C:\t3edsrcv007pre1.1h1\hlp\T3ED.HM : 
	The map value for "HID_COPY_Zh" is the same as the map value for "HID_COPY_Z".
    HC3037: Warning: C:\t3edsrcv007pre1.1h1\hlp\T3ED.HM : 
	The map value for "HID_EXPORT_TEXTURE" is the same as the map value for "HID_EXPORT_QUADS".
    HC3037: Warning: C:\t3edsrcv007pre1.1h1\hlp\T3ED.HM : 
	The map value for "HID_TOOLS_VROAD_HEIGHTS_SPDFILES" is the same as the map value for "HID_TOOLS_EDITVROAD".
    HC3110: Warning: topic #7 of C:\t3edsrcv007pre1.1h1\hlp\.\afxcore.rtf : 
	A title has already been defined for this topic.
    HC3110: Warning: topic #7 of C:\t3edsrcv007pre1.1h1\hlp\.\afxcore.rtf : 
	A title has already been defined for this topic.
    HC3110: Warning: topic #7 of C:\t3edsrcv007pre1.1h1\hlp\.\afxcore.rtf : 
	A title has already been defined for this topic.
    HC1012: Note: topic #9 of C:\t3edsrcv007pre1.1h1\hlp\.\afxcore.rtf : 
	Table cell borders are not supported.
    HC1012: Note: topic #10 of C:\t3edsrcv007pre1.1h1\hlp\.\afxcore.rtf : 
	Table cell borders are not supported.
    HC1012: Note: topic #11 of C:\t3edsrcv007pre1.1h1\hlp\.\afxcore.rtf : 
	Table cell borders are not supported.
    HC1012: Note: topic #12 of C:\t3edsrcv007pre1.1h1\hlp\.\afxcore.rtf : 
	Table cell borders are not supported.
    HC1012: Note: topic #13 of C:\t3edsrcv007pre1.1h1\hlp\.\afxcore.rtf : 
	Table cell borders are not supported.
    HC1012: Note: topic #30 of C:\t3edsrcv007pre1.1h1\hlp\.\afxcore.rtf : 
	Table cell borders are not supported.
    HC3021: Warning: topic #57 of C:\t3edsrcv007pre1.1h1\hlp\.\afxcore.rtf : 
	Cannot find the bitmap "curhelp.bmp."
    HC1010: Note: 
	The following mapped Topic IDs were not used in any topic:
	HID_EDIT_PASTE_SHADER
	HID_LABEL
	AFX_HIDP_UNREG_DONE
	HID_WINDOW_CASCADE
	HIDD_LOADING_QFS
	HID_VIEW_NODESONLY
	HID_EXPORT_QUADS
	HID_IMPORT_OBJECT
	HID_NONPASSABLEPOLYGONMASK
	HIDD_TRKBLOCK_DIALOG
	HIDD_EXPANDBLOCK
	AFX_HIDD_NEWTYPEDLG
	HIDD_BLOCK_PROPS
	HID_SC_NEXTWINDOW
	HID_PASTE_XY
	HID_Paste_Zh
	HID_PASTE_Zl
	HID_WINDOW_TILE_HORZ
	HID_WINDOW_TILE_VERT
	AFX_HIDP_GET_NOT_SUPPORTED
	HID_HT_OBJECT
	AFX_HIDP_SQL_BOOKMARKS_NOT_ENABLED
	HID_COPY_MODE
	HID_EDIT_REPEAT
	HID_FILE_PRINT_PREVIEW
	HID_SC_RESTORE
	AFX_HIDD_PRINTDLG
	HID_RECORD_FIRST
	HID_EDIT_SELECT_ALL
	HIDR_T3EDTYPE
	HID_EDIT_CLEAR
	HID_EDIT_MERGE
	HID_FILE_UPDATE
	HID_EDIT_PASTE
	AFX_HIDW_RESIZE_BAR
	AFX_HIDP_SQL_NO_DATA_FOUND
	AFX_HIDP_SQL_EMPTY_COLUMN_LIST
	HID_FILE_SEND_MAIL
	AFX_HIDP_SQL_ODBC_LOAD_FAILED
	AFX_HIDP_FAILED_TO_CREATE
	HID_EDIT_PASTE_AVERAGE
	HIDD_POLYFLAGS
	AFX_HIDD_BUSY
	AFX_HIDD_FIND
	AFX_HIDD_FONT
	AFX_HIDP_ARCH_NONE
	HID_RECORD_LAST
	HID_RECORD_NEXT
	HID_RECORD_PREV
	HID_EDIT_COPY
	HID_EDIT_FIND
	HID_EDIT_REDO
	AFX_HIDD_OBJECTPROPERTIES
	HIDD_Expand
	HID_TOOLS_EXPAND
	AFX_HIDP_UNREG_FAILURE
	AFX_HIDP_SQL_BOOKMARKS_NOT_SUPPORTED
	AFX_HIDP_FILE_TOO_MANY_OPEN
	HID_EDIT_PASTE_XY
	AFX_HIDP_SQL_FIELD_NOT_FOUND
	AFX_HIDP_FILE_ACCESS_DENIED
	HID_TOOLS_SHADOWRAYTRACER
	HID_FILE_SAVE_COPY_AS
	AFX_HIDD_CONVERT
	HID_VIS_BW_INCREASE
	HID_SC_PREVWINDOW
	AFX_HIDP_ASK_TO_DISCARD
	AFX_HIDP_SQL_FIELD_SCHEMA_MISMATCH
	AFX_HIDP_SQL_LOCK_MODE_NOT_SUPPORTED
	HIDD_BLOCKPASTE
	HID_FORMAT_FONT
	AFX_HIDP_FILE_HARD_IO
	AFX_HIDD_CHANGESOURCE
	AFX_HIDP_FILE_NOT_FOUND
	AFX_HIDW_DOCKBAR_TOP
	HID_SC_TASKLIST
	HID_TOOLS_INVERT
	AFX_HIDP_DAO_DFX_BIND
	HID_COPY_XY
	HID_COPY_Zl
	AFX_HIDP_SQL_ODBC_V2_REQUIRED
	AFX_HIDP_SQL_NO_ROWS_AFFECTED
	HID_HELP_INDEX
	HID_OLE_EDIT_CONVERT
	HIDD_LSPROPS
	HIDD_OBJPOLYPROPS
	HID_VIEW_EDITBLOCK
	HID_HELP_USING
	HIDD_SET_VISI
	AFX_HIDP_SQL_SQL_CONFORMANCE
	HIDD_FINDPOLYGON
	HIDD_RAYTRACE
	HIDD_NEWOBJECT
	AFX_HIDD_INSERTOBJECT
	AFX_HIDP_SQL_RECORDSET_READONLY
	HIDD_ADJUSTVR
	HID_TOOLS_LODGEN
	AFX_HIDP_PARSE_RADIO_BUTTON
	HID_EDIT_PASTE_SPECIAL
	HIDD_MOVETO
	HID_EDIT_UNDO_KEEP_VR
	HID_TOOLS_MOVETO
	AFX_HIDP_DAO_ROWTOOSHORT
	HID_SC_MOVE
	HID_SC_SIZE
	AFX_HIDP_SQL_INCORRECT_ODBC
	HID_IMPORT_TEXTURE
	AFX_HIDP_NO_ERROR_AVAILABLE
	HID_SC_MAXIMIZE
	AFX_HIDW_DOCKBAR_BOTTOM
	HID_PREV_PANE
	HID_VIEW_ZOOMIN3D
	AFX_HIDP_FILE_DIR_FULL
	HID_EDIT_PASTE_LINE_XYZ
	HID_INDICATOR_BLOCKNUM
	AFX_HIDP_DAO_BADBINDINFO
	AFX_HIDP_SQL_UPDATE_DELETE_FAILED
	AFX_HIDP_PARSE_DATETIME
	HID_OLE_EDIT_CHANGE_ICON
	AFX_HIDP_ARCH_ENDOFFILE
	HID_MODE_VROADEDIT
	HID_VIEW_POLYFLAG
	AFX_HIDP_SQL_SQL_NO_TOTAL
	AFX_HIDP_SQL_CONNECT_FAIL
	HIDD_LOD_STARTEND
	AFX_HIDP_SQL_API_CONFORMANCE
	HID_OLE_EDIT_PROPERTIES
	AFX_HIDP_FILE_DISKFULL
	HID_SET_VIS
	HID_FILE_PAGE_SETUP
	AFX_HIDW_DOCKBAR_LEFT
	HID_VIRTUALROADEDGEMASK
	AFX_HIDP_FILE_REMOVE_CURRENT
	AFX_HIDP_ARCH_BADCLASS
	AFX_HIDP_SQL_NO_POSITIONED_UPDATES
	HID_OLE_VERB_1
	HID_OLE_VERB_1
	HID_OLE_VERB_1
	HID_OLE_VERB_1
	HID_OLE_VERB_1
	HID_OLE_VERB_1
	HID_OLE_VERB_1
	HID_OLE_VERB_1
	HID_OLE_VERB_1
	HID_OLE_VERB_1
	HID_OLE_VERB_1
	HID_OLE_VERB_1
	HID_OLE_VERB_1
	HID_OLE_VERB_1
	HID_OLE_VERB_1
	HID_OLE_VERB_1
	AFX_HIDP_ARCH_BADINDEX
	HID_VIS_BW_DECREASE
	HID_WIZBACK
	HID_WIZNEXT
	HID_WINDOW_SPLIT
	AFX_HIDP_PARSE_CURRENCY
	AFX_HIDP_FILE_NONE
	AFX_HIDW_PREVIEW_BAR
	HID_VIEW_VROAD
	HID_VIS_FW_INCREASE
	HID_FILE_PRINT_SETUP
	AFX_HIDP_FAILED_TO_CONVERT
	AFX_HIDP_FILE_EOF
	HIDD_LOD_GENERATION
	HID_FILE_PROPERTIES
	HIDD_ROTATE
	AFX_HIDP_FILE_LOCKING
	AFX_HIDP_SQL_ILLEGAL_MODE
	HID_TOOLS_ROTATE
	AFX_HIDD_PREVIEW_TOOLBAR
	HID_WINDOW_ARRANGE
	HID_INDICATOR_CORDINATES
	AFX_HIDP_SQL_NO_CURRENT_RECORD
	HIDD_CLEARTRACK
	AFX_HIDP_FILE_BAD_PATH
	AFX_HIDP_FILE_BAD_SEEK
	HID_TOOLS_EDITVROAD
	HID_VIEW_SHOWTRACK
	AFX_HIDP_SQL_ROW_UPDATE_NOT_SUPPORTED
	HID_EXPORT_TRKVERTICES
	HID_VIEW_NORMALS
	AFX_HIDP_FAILED_MAPI_LOAD
	AFX_HIDP_FAILED_MAPI_SEND
	HID_MEMZ_AVERAGE
	HID_EDIT_REPLACE
	AFX_HIDP_FILE_SHARING
	HID_FILE_NEW
	HIDD_VROAD_HEIGHTS_SPDFILES
	HID_IMPORT_VIS
	HIDD_TEXTUREPROPS
	HID_FILE_PRINT_DIRECT
	HID_FILE_CLOSE
	HID_FILE_PRINT
	AFX_HIDP_DLL_LOAD_FAILED
	AFX_HIDP_SQL_DYNASET_NOT_SUPPORTED
	AFX_HIDD_PRINTSETUP
	HID_CORDINATES
	AFX_HIDP_SQL_ROW_FETCH
	AFX_HIDP_SET_NOT_SUPPORTED
	AFX_HIDD_CHANGEICON
	HID_EXPORT_OBJECT
	AFX_HIDP_DLL_BAD_VERSION
	AFX_HIDP_ARCH_BADSCHEMA
	AFX_HIDD_FILEBROWSE
	HID_WINDOW_ALL
	HID_WINDOW_NEW
	HIDD_TEXTURES
	HID_INDICATOR_PASTEMODE
	HID_EDIT_PASTE_NORMAL
	HIDD_FILE_PROPERTIES
	AFX_HIDD_EDITLINKS
	AFX_HIDP_SQL_DATA_TRUNCATED
	HID_HT_HELP
	HID_WIZFINISH
	HID_INDICATOR_SCROLLMODE
	AFX_HIDP_INVALID_MAPI_DLL
	AFX_HIDD_PREVIEW_SHORTTOOLBAR
	AFX_HIDP_DAO_OBJECT_NOT_OPEN
	AFX_HIDP_ARCH_WRITEONLY
	HID_Tools_Neighbours
	HID_OLE_EDIT_LINKS
	AFX_HIDP_SQL_MULTIPLE_ROWS_AFFECTED
	AFX_HIDD_COLOR
	HID_EDIT_PASTE_LINK
	HID_VIEW_VISIBILITY
	HID_NEXT_PANE
	AFX_HIDP_DAO_ENGINE_INITIALIZATION
	AFX_HIDW_DOCKBAR_FLOAT
	AFX_HIDD_PRINT
	HID_SC_MINIMIZE
	AFX_HIDW_DOCKBAR_RIGHT
	AFX_HIDP_PARSE_BYTE
	AFX_HIDP_PARSE_UINT
	AFX_HIDP_ARCH_GENERIC
	HID_COPY_Z
	HID_VIRROADBITMAP
	HID_EDIT_PASTE_LINE_XY
	HID_VIS_FW_DECREASE
	AFX_HIDP_SQL_SNAPSHOT_NOT_SUPPORTED
	HID_VIEW_ZOOMOUT3D
	AFX_HIDD_PASTESPECIAL
	AFX_HIDP_FILE_GENERIC
	HID_EXPORT_VIS
	AFX_HIDP_FILE_INVALID_FILE
	HID_HT_CLOSE
	HIDD_SMOOTHING1
	HIDD_SMOOTHING2
	HIDD_EXTRAOBJPROPS
	HID_EDIT_CLEAR_ALL
	AFX_HIDP_ARCH_READONLY
	HID_EDIT_COPY_XY
	AFX_HIDP_SQL_RECORDSET_FORWARD_ONLY
	HID_OLE_INSERT_NEW
	HID_EDIT_CUT
	AFX_HIDP_SQL_DYNAMIC_CURSOR_NOT_SUPPORTED
	HID_VIRTUALROADMASK
	HID_EDITMODES_AUTOOBJMEMBER
	AFX_HIDP_DAO_COLUMNUNAVAILABLE
	AFX_HIDD_REPLACE
76	Topics
98	Jumps
48	Keywords
22	Bitmaps


Created C:\t3edsrcv007pre1.1h1\hlp\T3ED.HLP, 107,776 bytes
Bitmaps: 7,384 bytes
Hall+Zeck compression decreased help file by 93,421 bytes.
Compile time: 0 minutes, 0 seconds
7 notes, 7 warnings
